[0m22:22:39.189064 [debug] [MainThread]: Sending event: {'category': 'dbt', 'action': 'invocation', 'label': 'start', 'context': [<snowplow_tracker.self_describing_json.SelfDescribingJson object at 0x000001566B223440>, <snowplow_tracker.self_describing_json.SelfDescribingJson object at 0x00000156688F6420>, <snowplow_tracker.self_describing_json.SelfDescribingJson object at 0x00000156688F63C0>]}


============================== 22:22:39.199069 | 022f9ced-6eea-4e6d-9afe-31f2b902622a ==============================
[0m22:22:39.199069 [info ] [MainThread]: Running with dbt=1.9.2
[0m22:22:39.201056 [debug] [MainThread]: running dbt with arguments {'printer_width': '80', 'indirect_selection': 'eager', 'write_json': 'True', 'log_cache_events': 'False', 'partial_parse': 'True', 'cache_selected_only': 'False', 'profiles_dir': 'C:\\Users\\zurai\\.dbt', 'version_check': 'True', 'warn_error': 'None', 'log_path': 'logs', 'debug': 'False', 'fail_fast': 'False', 'use_colors': 'True', 'use_experimental_parser': 'False', 'empty': 'None', 'quiet': 'False', 'no_print': 'None', 'log_format': 'default', 'introspect': 'True', 'warn_error_options': 'WarnErrorOptions(include=[], exclude=[])', 'invocation_command': 'dbt init', 'target_path': 'None', 'static_parser': 'True', 'send_anonymous_usage_stats': 'True'}
[0m22:22:52.239163 [debug] [MainThread]: Starter project path: C:\Users\zurai\anaconda3\Lib\site-packages\dbt\include\starter_project
[0m22:22:52.259177 [info ] [MainThread]: 
Your new dbt project "custom_postgres" was created!

For more information on how to configure the profiles.yml file,
please consult the dbt documentation here:

  https://docs.getdbt.com/docs/configure-your-profile

One more thing:

Need help? Don't hesitate to reach out to us via GitHub issues or on Slack:

  https://community.getdbt.com/

Happy modeling!

[0m22:22:52.261175 [info ] [MainThread]: Setting up your profile.
[0m22:23:18.479618 [info ] [MainThread]: Profile custom_postgres written to C:\Users\zurai\.dbt\profiles.yml using target's profile_template.yml and your supplied values. Run 'dbt debug' to validate the connection.
[0m22:23:18.482923 [debug] [MainThread]: Command `dbt init` succeeded at 22:23:18.482003 after 39.60 seconds
[0m22:23:18.482923 [debug] [MainThread]: Sending event: {'category': 'dbt', 'action': 'invocation', 'label': 'end', 'context': [<snowplow_tracker.self_describing_json.SelfDescribingJson object at 0x000001566B4A8C80>, <snowplow_tracker.self_describing_json.SelfDescribingJson object at 0x000001566AC65100>, <snowplow_tracker.self_describing_json.SelfDescribingJson object at 0x000001566B676240>]}
[0m22:23:18.483927 [debug] [MainThread]: Flushing usage events
[0m22:23:18.940807 [debug] [MainThread]: An error was encountered while trying to flush usage events
